<?xml version="1.0" encoding="UTF-8"?>
<testsuite xmlns:xsi="http://www.w3.org/2001/XMLSchema-instance" xsi:noNamespaceSchemaLocation="https://maven.apache.org/surefire/maven-surefire-plugin/xsd/surefire-test-report.xsd" version="3.0.2" name="trabajofinal.app.ArchitectureTest" time="23.357" tests="6" errors="0" skipped="0" failures="0">
  <properties>
    <property name="java.specification.version" value="21"/>
    <property name="sun.jnu.encoding" value="UTF-8"/>
    <property name="java.class.path" value="/home/mateo/Descargas/Taller_Autos/target/test-classes:/home/mateo/Descargas/Taller_Autos/target/classes:/home/mateo/.m2/repository/com/vaadin/vaadin/24.7.6/vaadin-24.7.6.jar:/home/mateo/.m2/repository/com/vaadin/vaadin-internal/24.7.6/vaadin-internal-24.7.6.jar:/home/mateo/.m2/repository/com/vaadin/vaadin-core-internal/24.7.6/vaadin-core-internal-24.7.6.jar:/home/mateo/.m2/repository/com/vaadin/flow-lit-template/24.7.6/flow-lit-template-24.7.6.jar:/home/mateo/.m2/repository/com/vaadin/flow-react/24.7.6/flow-react-24.7.6.jar:/home/mateo/.m2/repository/com/vaadin/flow-html-components/24.7.6/flow-html-components-24.7.6.jar:/home/mateo/.m2/repository/com/vaadin/flow-data/24.7.6/flow-data-24.7.6.jar:/home/mateo/.m2/repository/com/vaadin/flow-dnd/24.7.6/flow-dnd-24.7.6.jar:/home/mateo/.m2/repository/com/vaadin/vaadin-lumo-theme/24.7.6/vaadin-lumo-theme-24.7.6.jar:/home/mateo/.m2/repository/com/vaadin/vaadin-icons-flow/24.7.6/vaadin-icons-flow-24.7.6.jar:/home/mateo/.m2/repository/com/vaadin/vaadin-material-theme/24.7.6/vaadin-material-theme-24.7.6.jar:/home/mateo/.m2/repository/com/vaadin/vaadin-core-components/24.7.6/vaadin-core-components-24.7.6.jar:/home/mateo/.m2/repository/com/vaadin/vaadin-accordion-flow/24.7.6/vaadin-accordion-flow-24.7.6.jar:/home/mateo/.m2/repository/com/vaadin/vaadin-avatar-flow/24.7.6/vaadin-avatar-flow-24.7.6.jar:/home/mateo/.m2/repository/com/vaadin/vaadin-card-flow/24.7.6/vaadin-card-flow-24.7.6.jar:/home/mateo/.m2/repository/com/vaadin/vaadin-checkbox-flow/24.7.6/vaadin-checkbox-flow-24.7.6.jar:/home/mateo/.m2/repository/com/vaadin/vaadin-combo-box-flow/24.7.6/vaadin-combo-box-flow-24.7.6.jar:/home/mateo/.m2/repository/com/vaadin/vaadin-confirm-dialog-flow/24.7.6/vaadin-confirm-dialog-flow-24.7.6.jar:/home/mateo/.m2/repository/com/vaadin/vaadin-custom-field-flow/24.7.6/vaadin-custom-field-flow-24.7.6.jar:/home/mateo/.m2/repository/com/vaadin/vaadin-date-picker-flow/24.7.6/vaadin-date-picker-flow-24.7.6.jar:/home/mateo/.m2/repository/com/vaadin/vaadin-date-time-picker-flow/24.7.6/vaadin-date-time-picker-flow-24.7.6.jar:/home/mateo/.m2/repository/com/vaadin/vaadin-details-flow/24.7.6/vaadin-details-flow-24.7.6.jar:/home/mateo/.m2/repository/com/vaadin/vaadin-time-picker-flow/24.7.6/vaadin-time-picker-flow-24.7.6.jar:/home/mateo/.m2/repository/com/vaadin/vaadin-select-flow/24.7.6/vaadin-select-flow-24.7.6.jar:/home/mateo/.m2/repository/com/vaadin/vaadin-side-nav-flow/24.7.6/vaadin-side-nav-flow-24.7.6.jar:/home/mateo/.m2/repository/com/vaadin/vaadin-dialog-flow/24.7.6/vaadin-dialog-flow-24.7.6.jar:/home/mateo/.m2/repository/com/vaadin/vaadin-form-layout-flow/24.7.6/vaadin-form-layout-flow-24.7.6.jar:/home/mateo/.m2/repository/com/vaadin/vaadin-field-highlighter-flow/24.7.6/vaadin-field-highlighter-flow-24.7.6.jar:/home/mateo/.m2/repository/com/vaadin/vaadin-virtual-list-flow/24.7.6/vaadin-virtual-list-flow-24.7.6.jar:/home/mateo/.m2/repository/com/vaadin/vaadin-list-box-flow/24.7.6/vaadin-list-box-flow-24.7.6.jar:/home/mateo/.m2/repository/com/vaadin/vaadin-login-flow/24.7.6/vaadin-login-flow-24.7.6.jar:/home/mateo/.m2/repository/com/vaadin/vaadin-messages-flow/24.7.6/vaadin-messages-flow-24.7.6.jar:/home/mateo/.m2/repository/com/vaadin/vaadin-ordered-layout-flow/24.7.6/vaadin-ordered-layout-flow-24.7.6.jar:/home/mateo/.m2/repository/com/vaadin/vaadin-progress-bar-flow/24.7.6/vaadin-progress-bar-flow-24.7.6.jar:/home/mateo/.m2/repository/com/vaadin/vaadin-popover-flow/24.7.6/vaadin-popover-flow-24.7.6.jar:/home/mateo/.m2/repository/com/vaadin/vaadin-radio-button-flow/24.7.6/vaadin-radio-button-flow-24.7.6.jar:/home/mateo/.m2/repository/com/vaadin/vaadin-split-layout-flow/24.7.6/vaadin-split-layout-flow-24.7.6.jar:/home/mateo/.m2/repository/com/vaadin/vaadin-tabs-flow/24.7.6/vaadin-tabs-flow-24.7.6.jar:/home/mateo/.m2/repository/com/vaadin/vaadin-upload-flow/24.7.6/vaadin-upload-flow-24.7.6.jar:/home/mateo/.m2/repository/com/vaadin/vaadin-notification-flow/24.7.6/vaadin-notification-flow-24.7.6.jar:/home/mateo/.m2/repository/com/vaadin/vaadin-app-layout-flow/24.7.6/vaadin-app-layout-flow-24.7.6.jar:/home/mateo/.m2/repository/com/vaadin/vaadin-context-menu-flow/24.7.6/vaadin-context-menu-flow-24.7.6.jar:/home/mateo/.m2/repository/com/vaadin/vaadin-menu-bar-flow/24.7.6/vaadin-menu-bar-flow-24.7.6.jar:/home/mateo/.m2/repository/com/vaadin/collaboration-engine/6.4.0/collaboration-engine-6.4.0.jar:/home/mateo/.m2/repository/com/vaadin/vaadin-board-flow/24.7.6/vaadin-board-flow-24.7.6.jar:/home/mateo/.m2/repository/com/vaadin/vaadin-charts-flow/24.7.6/vaadin-charts-flow-24.7.6.jar:/home/mateo/.m2/repository/com/vaadin/vaadin-cookie-consent-flow/24.7.6/vaadin-cookie-consent-flow-24.7.6.jar:/home/mateo/.m2/repository/com/vaadin/vaadin-crud-flow/24.7.6/vaadin-crud-flow-24.7.6.jar:/home/mateo/.m2/repository/com/vaadin/vaadin-button-flow/24.7.6/vaadin-button-flow-24.7.6.jar:/home/mateo/.m2/repository/com/vaadin/vaadin-flow-components-base/24.7.6/vaadin-flow-components-base-24.7.6.jar:/home/mateo/.m2/repository/com/vaadin/vaadin-grid-flow/24.7.6/vaadin-grid-flow-24.7.6.jar:/home/mateo/.m2/repository/org/apache/commons/commons-lang3/3.17.0/commons-lang3-3.17.0.jar:/home/mateo/.m2/repository/com/vaadin/vaadin-renderer-flow/24.7.6/vaadin-renderer-flow-24.7.6.jar:/home/mateo/.m2/repository/com/vaadin/vaadin-text-field-flow/24.7.6/vaadin-text-field-flow-24.7.6.jar:/home/mateo/.m2/repository/com/vaadin/vaadin-dashboard-flow/24.7.6/vaadin-dashboard-flow-24.7.6.jar:/home/mateo/.m2/repository/com/vaadin/vaadin-grid-pro-flow/24.7.6/vaadin-grid-pro-flow-24.7.6.jar:/home/mateo/.m2/repository/com/vaadin/vaadin-map-flow/24.7.6/vaadin-map-flow-24.7.6.jar:/home/mateo/.m2/repository/com/vaadin/vaadin-rich-text-editor-flow/24.7.6/vaadin-rich-text-editor-flow-24.7.6.jar:/home/mateo/.m2/repository/com/vaadin/vaadin-core/24.7.6/vaadin-core-24.7.6.jar:/home/mateo/.m2/repository/com/vaadin/vaadin-dev/24.7.6/vaadin-dev-24.7.6.jar:/home/mateo/.m2/repository/com/vaadin/vaadin-dev-server/24.7.6/vaadin-dev-server-24.7.6.jar:/home/mateo/.m2/repository/com/vaadin/license-checker/1.13.4/license-checker-1.13.4.jar:/home/mateo/.m2/repository/com/github/oshi/oshi-core/6.6.5/oshi-core-6.6.5.jar:/home/mateo/.m2/repository/net/java/dev/jna/jna-platform/5.15.0/jna-platform-5.15.0.jar:/home/mateo/.m2/repository/com/nimbusds/nimbus-jose-jwt/9.37.3/nimbus-jose-jwt-9.37.3.jar:/home/mateo/.m2/repository/org/lucee/jcip-annotations/1.0.0/jcip-annotations-1.0.0.jar:/home/mateo/.m2/repository/com/vaadin/open/8.5.0.4/open-8.5.0.4.jar:/home/mateo/.m2/repository/com/github/javaparser/javaparser-core/3.26.4/javaparser-core-3.26.4.jar:/home/mateo/.m2/repository/io/methvin/directory-watcher/0.18.0/directory-watcher-0.18.0.jar:/home/mateo/.m2/repository/com/vaadin/vaadin-dev-bundle/24.7.6/vaadin-dev-bundle-24.7.6.jar:/home/mateo/.m2/repository/com/vaadin/hilla-dev/24.7.5/hilla-dev-24.7.5.jar:/home/mateo/.m2/repository/com/vaadin/copilot/24.7.6/copilot-24.7.6.jar:/home/mateo/.m2/repository/io/projectreactor/netty/reactor-netty/1.2.5/reactor-netty-1.2.5.jar:/home/mateo/.m2/repository/io/projectreactor/netty/reactor-netty-core/1.2.5/reactor-netty-core-1.2.5.jar:/home/mateo/.m2/repository/io/projectreactor/netty/reactor-netty-http/1.2.5/reactor-netty-http-1.2.5.jar:/home/mateo/.m2/repository/io/netty/netty-all/4.1.119.Final/netty-all-4.1.119.Final.jar:/home/mateo/.m2/repository/io/netty/netty-buffer/4.1.119.Final/netty-buffer-4.1.119.Final.jar:/home/mateo/.m2/repository/io/netty/netty-codec/4.1.119.Final/netty-codec-4.1.119.Final.jar:/home/mateo/.m2/repository/io/netty/netty-codec-dns/4.1.119.Final/netty-codec-dns-4.1.119.Final.jar:/home/mateo/.m2/repository/io/netty/netty-codec-haproxy/4.1.119.Final/netty-codec-haproxy-4.1.119.Final.jar:/home/mateo/.m2/repository/io/netty/netty-codec-http/4.1.119.Final/netty-codec-http-4.1.119.Final.jar:/home/mateo/.m2/repository/io/netty/netty-codec-http2/4.1.119.Final/netty-codec-http2-4.1.119.Final.jar:/home/mateo/.m2/repository/io/netty/netty-codec-memcache/4.1.119.Final/netty-codec-memcache-4.1.119.Final.jar:/home/mateo/.m2/repository/io/netty/netty-codec-mqtt/4.1.119.Final/netty-codec-mqtt-4.1.119.Final.jar:/home/mateo/.m2/repository/io/netty/netty-codec-redis/4.1.119.Final/netty-codec-redis-4.1.119.Final.jar:/home/mateo/.m2/repository/io/netty/netty-codec-smtp/4.1.119.Final/netty-codec-smtp-4.1.119.Final.jar:/home/mateo/.m2/repository/io/netty/netty-codec-socks/4.1.119.Final/netty-codec-socks-4.1.119.Final.jar:/home/mateo/.m2/repository/io/netty/netty-codec-stomp/4.1.119.Final/netty-codec-stomp-4.1.119.Final.jar:/home/mateo/.m2/repository/io/netty/netty-codec-xml/4.1.119.Final/netty-codec-xml-4.1.119.Final.jar:/home/mateo/.m2/repository/io/netty/netty-common/4.1.119.Final/netty-common-4.1.119.Final.jar:/home/mateo/.m2/repository/io/netty/netty-handler/4.1.119.Final/netty-handler-4.1.119.Final.jar:/home/mateo/.m2/repository/io/netty/netty-transport-native-unix-common/4.1.119.Final/netty-transport-native-unix-common-4.1.119.Final.jar:/home/mateo/.m2/repository/io/netty/netty-handler-proxy/4.1.119.Final/netty-handler-proxy-4.1.119.Final.jar:/home/mateo/.m2/repository/io/netty/netty-handler-ssl-ocsp/4.1.119.Final/netty-handler-ssl-ocsp-4.1.119.Final.jar:/home/mateo/.m2/repository/io/netty/netty-resolver/4.1.119.Final/netty-resolver-4.1.119.Final.jar:/home/mateo/.m2/repository/io/netty/netty-resolver-dns/4.1.119.Final/netty-resolver-dns-4.1.119.Final.jar:/home/mateo/.m2/repository/io/netty/netty-transport/4.1.119.Final/netty-transport-4.1.119.Final.jar:/home/mateo/.m2/repository/io/netty/netty-transport-rxtx/4.1.119.Final/netty-transport-rxtx-4.1.119.Final.jar:/home/mateo/.m2/repository/io/netty/netty-transport-sctp/4.1.119.Final/netty-transport-sctp-4.1.119.Final.jar:/home/mateo/.m2/repository/io/netty/netty-transport-udt/4.1.119.Final/netty-transport-udt-4.1.119.Final.jar:/home/mateo/.m2/repository/io/netty/netty-transport-classes-epoll/4.1.119.Final/netty-transport-classes-epoll-4.1.119.Final.jar:/home/mateo/.m2/repository/io/netty/netty-transport-classes-kqueue/4.1.119.Final/netty-transport-classes-kqueue-4.1.119.Final.jar:/home/mateo/.m2/repository/io/netty/netty-resolver-dns-classes-macos/4.1.119.Final/netty-resolver-dns-classes-macos-4.1.119.Final.jar:/home/mateo/.m2/repository/io/netty/netty-transport-native-epoll/4.1.119.Final/netty-transport-native-epoll-4.1.119.Final-linux-x86_64.jar:/home/mateo/.m2/repository/io/netty/netty-transport-native-epoll/4.1.119.Final/netty-transport-native-epoll-4.1.119.Final-linux-aarch_64.jar:/home/mateo/.m2/repository/io/netty/netty-transport-native-epoll/4.1.119.Final/netty-transport-native-epoll-4.1.119.Final-linux-riscv64.jar:/home/mateo/.m2/repository/io/netty/netty-transport-native-kqueue/4.1.119.Final/netty-transport-native-kqueue-4.1.119.Final-osx-x86_64.jar:/home/mateo/.m2/repository/io/netty/netty-transport-native-kqueue/4.1.119.Final/netty-transport-native-kqueue-4.1.119.Final-osx-aarch_64.jar:/home/mateo/.m2/repository/io/netty/netty-resolver-dns-native-macos/4.1.119.Final/netty-resolver-dns-native-macos-4.1.119.Final-osx-x86_64.jar:/home/mateo/.m2/repository/io/netty/netty-resolver-dns-native-macos/4.1.119.Final/netty-resolver-dns-native-macos-4.1.119.Final-osx-aarch_64.jar:/home/mateo/.m2/repository/org/apache/commons/commons-configuration2/2.12.0/commons-configuration2-2.12.0.jar:/home/mateo/.m2/repository/org/apache/commons/commons-text/1.13.1/commons-text-1.13.1.jar:/home/mateo/.m2/repository/com/vaadin/ui-tests/1.1.4/ui-tests-1.1.4.jar:/home/mateo/.m2/repository/com/vaadin/vaadin-spring-boot-starter/24.7.6/vaadin-spring-boot-starter-24.7.6.jar:/home/mateo/.m2/repository/com/vaadin/vaadin-spring/24.7.6/vaadin-spring-24.7.6.jar:/home/mateo/.m2/repository/com/vaadin/flow-server/24.7.6/flow-server-24.7.6.jar:/home/mateo/.m2/repository/com/vaadin/servletdetector/throw-if-servlet3/1.0.2/throw-if-servlet3-1.0.2.jar:/home/mateo/.m2/repository/org/jspecify/jspecify/1.0.0/jspecify-1.0.0.jar:/home/mateo/.m2/repository/com/vaadin/external/gwt/gwt-elemental/2.8.2.vaadin2/gwt-elemental-2.8.2.vaadin2.jar:/home/mateo/.m2/repository/org/apache/commons/commons-fileupload2-jakarta/2.0.0-M1/commons-fileupload2-jakarta-2.0.0-M1.jar:/home/mateo/.m2/repository/org/apache/commons/commons-fileupload2-core/2.0.0-M1/commons-fileupload2-core-2.0.0-M1.jar:/home/mateo/.m2/repository/commons-io/commons-io/2.18.0/commons-io-2.18.0.jar:/home/mateo/.m2/repository/com/fasterxml/jackson/core/jackson-core/2.18.3/jackson-core-2.18.3.jar:/home/mateo/.m2/repository/org/jsoup/jsoup/1.18.3/jsoup-1.18.3.jar:/home/mateo/.m2/repository/com/helger/ph-css/7.0.4/ph-css-7.0.4.jar:/home/mateo/.m2/repository/com/helger/commons/ph-commons/11.2.0/ph-commons-11.2.0.jar:/home/mateo/.m2/repository/org/ow2/asm/asm/9.7.1/asm-9.7.1.jar:/home/mateo/.m2/repository/com/vaadin/external/gentyref/1.2.0.vaadin1/gentyref-1.2.0.vaadin1.jar:/home/mateo/.m2/repository/com/vaadin/flow-push/24.7.6/flow-push-24.7.6.jar:/home/mateo/.m2/repository/com/vaadin/external/atmosphere/atmosphere-runtime/3.0.5.slf4jvaadin1/atmosphere-runtime-3.0.5.slf4jvaadin1.jar:/home/mateo/.m2/repository/com/vaadin/flow-client/24.7.6/flow-client-24.7.6.jar:/home/mateo/.m2/repository/org/springframework/spring-webmvc/6.2.6/spring-webmvc-6.2.6.jar:/home/mateo/.m2/repository/org/springframework/spring-expression/6.2.6/spring-expression-6.2.6.jar:/home/mateo/.m2/repository/org/springframework/spring-websocket/6.2.6/spring-websocket-6.2.6.jar:/home/mateo/.m2/repository/org/reflections/reflections/0.10.2/reflections-0.10.2.jar:/home/mateo/.m2/repository/com/google/code/findbugs/jsr305/3.0.2/jsr305-3.0.2.jar:/home/mateo/.m2/repository/org/javassist/javassist/3.30.2-GA/javassist-3.30.2-GA.jar:/home/mateo/.m2/repository/com/vaadin/hilla/24.7.5/hilla-24.7.5.jar:/home/mateo/.m2/repository/com/vaadin/hilla-endpoint/24.7.5/hilla-endpoint-24.7.5.jar:/home/mateo/.m2/repository/com/vaadin/hilla-engine-core/24.7.5/hilla-engine-core-24.7.5.jar:/home/mateo/.m2/repository/com/vaadin/hilla-parser-jvm-core/24.7.5/hilla-parser-jvm-core-24.7.5.jar:/home/mateo/.m2/repository/io/github/classgraph/classgraph/4.8.179/classgraph-4.8.179.jar:/home/mateo/.m2/repository/com/fasterxml/jackson/dataformat/jackson-dataformat-yaml/2.18.3/jackson-dataformat-yaml-2.18.3.jar:/home/mateo/.m2/repository/com/vaadin/hilla-parser-jvm-plugin-backbone/24.7.5/hilla-parser-jvm-plugin-backbone-24.7.5.jar:/home/mateo/.m2/repository/com/vaadin/hilla-parser-jvm-plugin-nonnull/24.7.5/hilla-parser-jvm-plugin-nonnull-24.7.5.jar:/home/mateo/.m2/repository/com/vaadin/hilla-parser-jvm-plugin-subtypes/24.7.5/hilla-parser-jvm-plugin-subtypes-24.7.5.jar:/home/mateo/.m2/repository/com/vaadin/hilla-parser-jvm-plugin-model/24.7.5/hilla-parser-jvm-plugin-model-24.7.5.jar:/home/mateo/.m2/repository/com/vaadin/hilla-parser-jvm-plugin-transfertypes/24.7.5/hilla-parser-jvm-plugin-transfertypes-24.7.5.jar:/home/mateo/.m2/repository/io/projectreactor/reactor-core/3.7.5/reactor-core-3.7.5.jar:/home/mateo/.m2/repository/org/reactivestreams/reactive-streams/1.0.4/reactive-streams-1.0.4.jar:/home/mateo/.m2/repository/com/fasterxml/jackson/module/jackson-module-parameter-names/2.18.3/jackson-module-parameter-names-2.18.3.jar:/home/mateo/.m2/repository/com/fasterxml/jackson/datatype/jackson-datatype-jdk8/2.18.3/jackson-datatype-jdk8-2.18.3.jar:/home/mateo/.m2/repository/org/springframework/security/spring-security-core/6.4.5/spring-security-core-6.4.5.jar:/home/mateo/.m2/repository/org/springframework/security/spring-security-crypto/6.4.5/spring-security-crypto-6.4.5.jar:/home/mateo/.m2/repository/com/github/javaparser/javaparser-symbol-solver-core/3.26.4/javaparser-symbol-solver-core-3.26.4.jar:/home/mateo/.m2/repository/com/google/guava/guava/33.4.0-jre/guava-33.4.0-jre.jar:/home/mateo/.m2/repository/com/google/guava/failureaccess/1.0.2/failureaccess-1.0.2.jar:/home/mateo/.m2/repository/com/google/guava/listenablefuture/9999.0-empty-to-avoid-conflict-with-guava/listenablefuture-9999.0-empty-to-avoid-conflict-with-guava.jar:/home/mateo/.m2/repository/org/checkerframework/checker-qual/3.43.0/checker-qual-3.43.0.jar:/home/mateo/.m2/repository/com/google/errorprone/error_prone_annotations/2.36.0/error_prone_annotations-2.36.0.jar:/home/mateo/.m2/repository/com/google/j2objc/j2objc-annotations/3.0.0/j2objc-annotations-3.0.0.jar:/home/mateo/.m2/repository/com/vaadin/hilla-parser-jvm-utils/24.7.5/hilla-parser-jvm-utils-24.7.5.jar:/home/mateo/.m2/repository/io/swagger/core/v3/swagger-core/2.2.28/swagger-core-2.2.28.jar:/home/mateo/.m2/repository/io/swagger/core/v3/swagger-annotations/2.2.28/swagger-annotations-2.2.28.jar:/home/mateo/.m2/repository/io/swagger/core/v3/swagger-models/2.2.28/swagger-models-2.2.28.jar:/home/mateo/.m2/repository/com/vaadin/hilla-runtime-plugin-transfertypes/24.7.5/hilla-runtime-plugin-transfertypes-24.7.5.jar:/home/mateo/.m2/repository/com/vaadin/hilla-engine-runtime/24.7.5/hilla-engine-runtime-24.7.5.jar:/home/mateo/.m2/repository/org/springframework/boot/spring-boot-starter-web/3.4.5/spring-boot-starter-web-3.4.5.jar:/home/mateo/.m2/repository/org/springframework/boot/spring-boot-starter-json/3.4.5/spring-boot-starter-json-3.4.5.jar:/home/mateo/.m2/repository/org/springframework/boot/spring-boot-starter-tomcat/3.4.5/spring-boot-starter-tomcat-3.4.5.jar:/home/mateo/.m2/repository/org/apache/tomcat/embed/tomcat-embed-core/10.1.40/tomcat-embed-core-10.1.40.jar:/home/mateo/.m2/repository/org/apache/tomcat/embed/tomcat-embed-websocket/10.1.40/tomcat-embed-websocket-10.1.40.jar:/home/mateo/.m2/repository/org/springframework/spring-web/6.2.6/spring-web-6.2.6.jar:/home/mateo/.m2/repository/org/springframework/boot/spring-boot-starter-data-jpa/3.4.5/spring-boot-starter-data-jpa-3.4.5.jar:/home/mateo/.m2/repository/org/springframework/boot/spring-boot-starter/3.4.5/spring-boot-starter-3.4.5.jar:/home/mateo/.m2/repository/org/springframework/boot/spring-boot-starter-logging/3.4.5/spring-boot-starter-logging-3.4.5.jar:/home/mateo/.m2/repository/ch/qos/logback/logback-classic/1.5.18/logback-classic-1.5.18.jar:/home/mateo/.m2/repository/ch/qos/logback/logback-core/1.5.18/logback-core-1.5.18.jar:/home/mateo/.m2/repository/org/apache/logging/log4j/log4j-to-slf4j/2.24.3/log4j-to-slf4j-2.24.3.jar:/home/mateo/.m2/repository/org/apache/logging/log4j/log4j-api/2.24.3/log4j-api-2.24.3.jar:/home/mateo/.m2/repository/org/slf4j/jul-to-slf4j/2.0.17/jul-to-slf4j-2.0.17.jar:/home/mateo/.m2/repository/jakarta/annotation/jakarta.annotation-api/2.1.1/jakarta.annotation-api-2.1.1.jar:/home/mateo/.m2/repository/org/yaml/snakeyaml/2.3/snakeyaml-2.3.jar:/home/mateo/.m2/repository/org/springframework/boot/spring-boot-starter-jdbc/3.4.5/spring-boot-starter-jdbc-3.4.5.jar:/home/mateo/.m2/repository/com/zaxxer/HikariCP/5.1.0/HikariCP-5.1.0.jar:/home/mateo/.m2/repository/org/springframework/spring-jdbc/6.2.6/spring-jdbc-6.2.6.jar:/home/mateo/.m2/repository/org/hibernate/orm/hibernate-core/6.6.13.Final/hibernate-core-6.6.13.Final.jar:/home/mateo/.m2/repository/jakarta/persistence/jakarta.persistence-api/3.1.0/jakarta.persistence-api-3.1.0.jar:/home/mateo/.m2/repository/jakarta/transaction/jakarta.transaction-api/2.0.1/jakarta.transaction-api-2.0.1.jar:/home/mateo/.m2/repository/org/jboss/logging/jboss-logging/3.6.1.Final/jboss-logging-3.6.1.Final.jar:/home/mateo/.m2/repository/org/hibernate/common/hibernate-commons-annotations/7.0.3.Final/hibernate-commons-annotations-7.0.3.Final.jar:/home/mateo/.m2/repository/io/smallrye/jandex/3.2.0/jandex-3.2.0.jar:/home/mateo/.m2/repository/com/fasterxml/classmate/1.7.0/classmate-1.7.0.jar:/home/mateo/.m2/repository/net/bytebuddy/byte-buddy/1.15.11/byte-buddy-1.15.11.jar:/home/mateo/.m2/repository/org/glassfish/jaxb/jaxb-runtime/4.0.5/jaxb-runtime-4.0.5.jar:/home/mateo/.m2/repository/org/glassfish/jaxb/jaxb-core/4.0.5/jaxb-core-4.0.5.jar:/home/mateo/.m2/repository/org/eclipse/angus/angus-activation/2.0.2/angus-activation-2.0.2.jar:/home/mateo/.m2/repository/org/glassfish/jaxb/txw2/4.0.5/txw2-4.0.5.jar:/home/mateo/.m2/repository/com/sun/istack/istack-commons-runtime/4.1.2/istack-commons-runtime-4.1.2.jar:/home/mateo/.m2/repository/jakarta/inject/jakarta.inject-api/2.0.1/jakarta.inject-api-2.0.1.jar:/home/mateo/.m2/repository/org/antlr/antlr4-runtime/4.13.0/antlr4-runtime-4.13.0.jar:/home/mateo/.m2/repository/org/springframework/data/spring-data-jpa/3.4.5/spring-data-jpa-3.4.5.jar:/home/mateo/.m2/repository/org/springframework/data/spring-data-commons/3.4.5/spring-data-commons-3.4.5.jar:/home/mateo/.m2/repository/org/springframework/spring-orm/6.2.6/spring-orm-6.2.6.jar:/home/mateo/.m2/repository/org/springframework/spring-context/6.2.6/spring-context-6.2.6.jar:/home/mateo/.m2/repository/org/springframework/spring-aop/6.2.6/spring-aop-6.2.6.jar:/home/mateo/.m2/repository/org/springframework/spring-tx/6.2.6/spring-tx-6.2.6.jar:/home/mateo/.m2/repository/org/springframework/spring-beans/6.2.6/spring-beans-6.2.6.jar:/home/mateo/.m2/repository/org/slf4j/slf4j-api/2.0.17/slf4j-api-2.0.17.jar:/home/mateo/.m2/repository/org/springframework/spring-aspects/6.2.6/spring-aspects-6.2.6.jar:/home/mateo/.m2/repository/org/aspectj/aspectjweaver/1.9.24/aspectjweaver-1.9.24.jar:/home/mateo/.m2/repository/com/h2database/h2/2.3.232/h2-2.3.232.jar:/home/mateo/.m2/repository/org/springframework/boot/spring-boot-starter-actuator/3.4.5/spring-boot-starter-actuator-3.4.5.jar:/home/mateo/.m2/repository/org/springframework/boot/spring-boot-actuator-autoconfigure/3.4.5/spring-boot-actuator-autoconfigure-3.4.5.jar:/home/mateo/.m2/repository/org/springframework/boot/spring-boot-actuator/3.4.5/spring-boot-actuator-3.4.5.jar:/home/mateo/.m2/repository/com/fasterxml/jackson/core/jackson-databind/2.18.3/jackson-databind-2.18.3.jar:/home/mateo/.m2/repository/com/fasterxml/jackson/core/jackson-annotations/2.18.3/jackson-annotations-2.18.3.jar:/home/mateo/.m2/repository/com/fasterxml/jackson/datatype/jackson-datatype-jsr310/2.18.3/jackson-datatype-jsr310-2.18.3.jar:/home/mateo/.m2/repository/io/micrometer/micrometer-observation/1.14.6/micrometer-observation-1.14.6.jar:/home/mateo/.m2/repository/io/micrometer/micrometer-commons/1.14.6/micrometer-commons-1.14.6.jar:/home/mateo/.m2/repository/io/micrometer/micrometer-jakarta9/1.14.6/micrometer-jakarta9-1.14.6.jar:/home/mateo/.m2/repository/io/micrometer/micrometer-core/1.14.6/micrometer-core-1.14.6.jar:/home/mateo/.m2/repository/org/hdrhistogram/HdrHistogram/2.2.2/HdrHistogram-2.2.2.jar:/home/mateo/.m2/repository/org/latencyutils/LatencyUtils/2.0.3/LatencyUtils-2.0.3.jar:/home/mateo/.m2/repository/org/springframework/boot/spring-boot-starter-validation/3.4.5/spring-boot-starter-validation-3.4.5.jar:/home/mateo/.m2/repository/org/apache/tomcat/embed/tomcat-embed-el/10.1.40/tomcat-embed-el-10.1.40.jar:/home/mateo/.m2/repository/org/hibernate/validator/hibernate-validator/8.0.2.Final/hibernate-validator-8.0.2.Final.jar:/home/mateo/.m2/repository/jakarta/validation/jakarta.validation-api/3.0.2/jakarta.validation-api-3.0.2.jar:/home/mateo/.m2/repository/org/springframework/boot/spring-boot-devtools/3.4.5/spring-boot-devtools-3.4.5.jar:/home/mateo/.m2/repository/org/springframework/boot/spring-boot/3.4.5/spring-boot-3.4.5.jar:/home/mateo/.m2/repository/org/springframework/boot/spring-boot-autoconfigure/3.4.5/spring-boot-autoconfigure-3.4.5.jar:/home/mateo/.m2/repository/org/springframework/boot/spring-boot-starter-test/3.4.5/spring-boot-starter-test-3.4.5.jar:/home/mateo/.m2/repository/org/springframework/boot/spring-boot-test/3.4.5/spring-boot-test-3.4.5.jar:/home/mateo/.m2/repository/org/springframework/boot/spring-boot-test-autoconfigure/3.4.5/spring-boot-test-autoconfigure-3.4.5.jar:/home/mateo/.m2/repository/com/jayway/jsonpath/json-path/2.9.0/json-path-2.9.0.jar:/home/mateo/.m2/repository/jakarta/xml/bind/jakarta.xml.bind-api/4.0.2/jakarta.xml.bind-api-4.0.2.jar:/home/mateo/.m2/repository/jakarta/activation/jakarta.activation-api/2.1.3/jakarta.activation-api-2.1.3.jar:/home/mateo/.m2/repository/net/minidev/json-smart/2.5.2/json-smart-2.5.2.jar:/home/mateo/.m2/repository/net/minidev/accessors-smart/2.5.2/accessors-smart-2.5.2.jar:/home/mateo/.m2/repository/org/assertj/assertj-core/3.26.3/assertj-core-3.26.3.jar:/home/mateo/.m2/repository/org/awaitility/awaitility/4.2.2/awaitility-4.2.2.jar:/home/mateo/.m2/repository/org/hamcrest/hamcrest/2.2/hamcrest-2.2.jar:/home/mateo/.m2/repository/org/junit/jupiter/junit-jupiter/5.11.4/junit-jupiter-5.11.4.jar:/home/mateo/.m2/repository/org/junit/jupiter/junit-jupiter-api/5.11.4/junit-jupiter-api-5.11.4.jar:/home/mateo/.m2/repository/org/opentest4j/opentest4j/1.3.0/opentest4j-1.3.0.jar:/home/mateo/.m2/repository/org/junit/platform/junit-platform-commons/1.11.4/junit-platform-commons-1.11.4.jar:/home/mateo/.m2/repository/org/apiguardian/apiguardian-api/1.1.2/apiguardian-api-1.1.2.jar:/home/mateo/.m2/repository/org/junit/jupiter/junit-jupiter-params/5.11.4/junit-jupiter-params-5.11.4.jar:/home/mateo/.m2/repository/org/junit/jupiter/junit-jupiter-engine/5.11.4/junit-jupiter-engine-5.11.4.jar:/home/mateo/.m2/repository/org/junit/platform/junit-platform-engine/1.11.4/junit-platform-engine-1.11.4.jar:/home/mateo/.m2/repository/org/mockito/mockito-core/5.14.2/mockito-core-5.14.2.jar:/home/mateo/.m2/repository/net/bytebuddy/byte-buddy-agent/1.15.11/byte-buddy-agent-1.15.11.jar:/home/mateo/.m2/repository/org/objenesis/objenesis/3.3/objenesis-3.3.jar:/home/mateo/.m2/repository/org/mockito/mockito-junit-jupiter/5.14.2/mockito-junit-jupiter-5.14.2.jar:/home/mateo/.m2/repository/org/skyscreamer/jsonassert/1.5.3/jsonassert-1.5.3.jar:/home/mateo/.m2/repository/com/vaadin/external/google/android-json/0.0.20131108.vaadin1/android-json-0.0.20131108.vaadin1.jar:/home/mateo/.m2/repository/org/springframework/spring-core/6.2.6/spring-core-6.2.6.jar:/home/mateo/.m2/repository/org/springframework/spring-jcl/6.2.6/spring-jcl-6.2.6.jar:/home/mateo/.m2/repository/org/springframework/spring-test/6.2.6/spring-test-6.2.6.jar:/home/mateo/.m2/repository/org/xmlunit/xmlunit-core/2.10.0/xmlunit-core-2.10.0.jar:/home/mateo/.m2/repository/org/testcontainers/junit-jupiter/1.20.6/junit-jupiter-1.20.6.jar:/home/mateo/.m2/repository/org/testcontainers/testcontainers/1.20.6/testcontainers-1.20.6.jar:/home/mateo/.m2/repository/junit/junit/4.13.2/junit-4.13.2.jar:/home/mateo/.m2/repository/org/hamcrest/hamcrest-core/2.2/hamcrest-core-2.2.jar:/home/mateo/.m2/repository/org/apache/commons/commons-compress/1.24.0/commons-compress-1.24.0.jar:/home/mateo/.m2/repository/org/rnorth/duct-tape/duct-tape/1.0.8/duct-tape-1.0.8.jar:/home/mateo/.m2/repository/org/jetbrains/annotations/17.0.0/annotations-17.0.0.jar:/home/mateo/.m2/repository/com/github/docker-java/docker-java-api/3.4.1/docker-java-api-3.4.1.jar:/home/mateo/.m2/repository/com/github/docker-java/docker-java-transport-zerodep/3.4.1/docker-java-transport-zerodep-3.4.1.jar:/home/mateo/.m2/repository/com/github/docker-java/docker-java-transport/3.4.1/docker-java-transport-3.4.1.jar:/home/mateo/.m2/repository/net/java/dev/jna/jna/5.15.0/jna-5.15.0.jar:/home/mateo/.m2/repository/org/springframework/boot/spring-boot-testcontainers/3.4.5/spring-boot-testcontainers-3.4.5.jar:/home/mateo/.m2/repository/com/tngtech/archunit/archunit-junit5/1.4.1/archunit-junit5-1.4.1.jar:/home/mateo/.m2/repository/com/tngtech/archunit/archunit-junit5-api/1.4.1/archunit-junit5-api-1.4.1.jar:/home/mateo/.m2/repository/com/tngtech/archunit/archunit/1.4.1/archunit-1.4.1.jar:/home/mateo/.m2/repository/com/tngtech/archunit/archunit-junit5-engine/1.4.1/archunit-junit5-engine-1.4.1.jar:/home/mateo/.m2/repository/com/tngtech/archunit/archunit-junit5-engine-api/1.4.1/archunit-junit5-engine-api-1.4.1.jar:"/>
    <property name="java.vm.vendor" value="Ubuntu"/>
    <property name="sun.arch.data.model" value="64"/>
    <property name="java.vendor.url" value="https://ubuntu.com/"/>
    <property name="user.timezone" value="America/Guayaquil"/>
    <property name="os.name" value="Linux"/>
    <property name="java.vm.specification.version" value="21"/>
    <property name="sun.java.launcher" value="SUN_STANDARD"/>
    <property name="user.country" value="ES"/>
    <property name="sun.boot.library.path" value="/usr/lib/jvm/java-21-openjdk-amd64/lib"/>
    <property name="sun.java.command" value="/home/mateo/Descargas/Taller_Autos/target/surefire/surefirebooter-20250612111531455_3.jar /home/mateo/Descargas/Taller_Autos/target/surefire 2025-06-12T11-15-31_055-jvmRun1 surefire-20250612111531455_1tmp surefire_0-20250612111531455_2tmp"/>
    <property name="jdk.debug" value="release"/>
    <property name="surefire.test.class.path" value="/home/mateo/Descargas/Taller_Autos/target/test-classes:/home/mateo/Descargas/Taller_Autos/target/classes:/home/mateo/.m2/repository/com/vaadin/vaadin/24.7.6/vaadin-24.7.6.jar:/home/mateo/.m2/repository/com/vaadin/vaadin-internal/24.7.6/vaadin-internal-24.7.6.jar:/home/mateo/.m2/repository/com/vaadin/vaadin-core-internal/24.7.6/vaadin-core-internal-24.7.6.jar:/home/mateo/.m2/repository/com/vaadin/flow-lit-template/24.7.6/flow-lit-template-24.7.6.jar:/home/mateo/.m2/repository/com/vaadin/flow-react/24.7.6/flow-react-24.7.6.jar:/home/mateo/.m2/repository/com/vaadin/flow-html-components/24.7.6/flow-html-components-24.7.6.jar:/home/mateo/.m2/repository/com/vaadin/flow-data/24.7.6/flow-data-24.7.6.jar:/home/mateo/.m2/repository/com/vaadin/flow-dnd/24.7.6/flow-dnd-24.7.6.jar:/home/mateo/.m2/repository/com/vaadin/vaadin-lumo-theme/24.7.6/vaadin-lumo-theme-24.7.6.jar:/home/mateo/.m2/repository/com/vaadin/vaadin-icons-flow/24.7.6/vaadin-icons-flow-24.7.6.jar:/home/mateo/.m2/repository/com/vaadin/vaadin-material-theme/24.7.6/vaadin-material-theme-24.7.6.jar:/home/mateo/.m2/repository/com/vaadin/vaadin-core-components/24.7.6/vaadin-core-components-24.7.6.jar:/home/mateo/.m2/repository/com/vaadin/vaadin-accordion-flow/24.7.6/vaadin-accordion-flow-24.7.6.jar:/home/mateo/.m2/repository/com/vaadin/vaadin-avatar-flow/24.7.6/vaadin-avatar-flow-24.7.6.jar:/home/mateo/.m2/repository/com/vaadin/vaadin-card-flow/24.7.6/vaadin-card-flow-24.7.6.jar:/home/mateo/.m2/repository/com/vaadin/vaadin-checkbox-flow/24.7.6/vaadin-checkbox-flow-24.7.6.jar:/home/mateo/.m2/repository/com/vaadin/vaadin-combo-box-flow/24.7.6/vaadin-combo-box-flow-24.7.6.jar:/home/mateo/.m2/repository/com/vaadin/vaadin-confirm-dialog-flow/24.7.6/vaadin-confirm-dialog-flow-24.7.6.jar:/home/mateo/.m2/repository/com/vaadin/vaadin-custom-field-flow/24.7.6/vaadin-custom-field-flow-24.7.6.jar:/home/mateo/.m2/repository/com/vaadin/vaadin-date-picker-flow/24.7.6/vaadin-date-picker-flow-24.7.6.jar:/home/mateo/.m2/repository/com/vaadin/vaadin-date-time-picker-flow/24.7.6/vaadin-date-time-picker-flow-24.7.6.jar:/home/mateo/.m2/repository/com/vaadin/vaadin-details-flow/24.7.6/vaadin-details-flow-24.7.6.jar:/home/mateo/.m2/repository/com/vaadin/vaadin-time-picker-flow/24.7.6/vaadin-time-picker-flow-24.7.6.jar:/home/mateo/.m2/repository/com/vaadin/vaadin-select-flow/24.7.6/vaadin-select-flow-24.7.6.jar:/home/mateo/.m2/repository/com/vaadin/vaadin-side-nav-flow/24.7.6/vaadin-side-nav-flow-24.7.6.jar:/home/mateo/.m2/repository/com/vaadin/vaadin-dialog-flow/24.7.6/vaadin-dialog-flow-24.7.6.jar:/home/mateo/.m2/repository/com/vaadin/vaadin-form-layout-flow/24.7.6/vaadin-form-layout-flow-24.7.6.jar:/home/mateo/.m2/repository/com/vaadin/vaadin-field-highlighter-flow/24.7.6/vaadin-field-highlighter-flow-24.7.6.jar:/home/mateo/.m2/repository/com/vaadin/vaadin-virtual-list-flow/24.7.6/vaadin-virtual-list-flow-24.7.6.jar:/home/mateo/.m2/repository/com/vaadin/vaadin-list-box-flow/24.7.6/vaadin-list-box-flow-24.7.6.jar:/home/mateo/.m2/repository/com/vaadin/vaadin-login-flow/24.7.6/vaadin-login-flow-24.7.6.jar:/home/mateo/.m2/repository/com/vaadin/vaadin-messages-flow/24.7.6/vaadin-messages-flow-24.7.6.jar:/home/mateo/.m2/repository/com/vaadin/vaadin-ordered-layout-flow/24.7.6/vaadin-ordered-layout-flow-24.7.6.jar:/home/mateo/.m2/repository/com/vaadin/vaadin-progress-bar-flow/24.7.6/vaadin-progress-bar-flow-24.7.6.jar:/home/mateo/.m2/repository/com/vaadin/vaadin-popover-flow/24.7.6/vaadin-popover-flow-24.7.6.jar:/home/mateo/.m2/repository/com/vaadin/vaadin-radio-button-flow/24.7.6/vaadin-radio-button-flow-24.7.6.jar:/home/mateo/.m2/repository/com/vaadin/vaadin-split-layout-flow/24.7.6/vaadin-split-layout-flow-24.7.6.jar:/home/mateo/.m2/repository/com/vaadin/vaadin-tabs-flow/24.7.6/vaadin-tabs-flow-24.7.6.jar:/home/mateo/.m2/repository/com/vaadin/vaadin-upload-flow/24.7.6/vaadin-upload-flow-24.7.6.jar:/home/mateo/.m2/repository/com/vaadin/vaadin-notification-flow/24.7.6/vaadin-notification-flow-24.7.6.jar:/home/mateo/.m2/repository/com/vaadin/vaadin-app-layout-flow/24.7.6/vaadin-app-layout-flow-24.7.6.jar:/home/mateo/.m2/repository/com/vaadin/vaadin-context-menu-flow/24.7.6/vaadin-context-menu-flow-24.7.6.jar:/home/mateo/.m2/repository/com/vaadin/vaadin-menu-bar-flow/24.7.6/vaadin-menu-bar-flow-24.7.6.jar:/home/mateo/.m2/repository/com/vaadin/collaboration-engine/6.4.0/collaboration-engine-6.4.0.jar:/home/mateo/.m2/repository/com/vaadin/vaadin-board-flow/24.7.6/vaadin-board-flow-24.7.6.jar:/home/mateo/.m2/repository/com/vaadin/vaadin-charts-flow/24.7.6/vaadin-charts-flow-24.7.6.jar:/home/mateo/.m2/repository/com/vaadin/vaadin-cookie-consent-flow/24.7.6/vaadin-cookie-consent-flow-24.7.6.jar:/home/mateo/.m2/repository/com/vaadin/vaadin-crud-flow/24.7.6/vaadin-crud-flow-24.7.6.jar:/home/mateo/.m2/repository/com/vaadin/vaadin-button-flow/24.7.6/vaadin-button-flow-24.7.6.jar:/home/mateo/.m2/repository/com/vaadin/vaadin-flow-components-base/24.7.6/vaadin-flow-components-base-24.7.6.jar:/home/mateo/.m2/repository/com/vaadin/vaadin-grid-flow/24.7.6/vaadin-grid-flow-24.7.6.jar:/home/mateo/.m2/repository/org/apache/commons/commons-lang3/3.17.0/commons-lang3-3.17.0.jar:/home/mateo/.m2/repository/com/vaadin/vaadin-renderer-flow/24.7.6/vaadin-renderer-flow-24.7.6.jar:/home/mateo/.m2/repository/com/vaadin/vaadin-text-field-flow/24.7.6/vaadin-text-field-flow-24.7.6.jar:/home/mateo/.m2/repository/com/vaadin/vaadin-dashboard-flow/24.7.6/vaadin-dashboard-flow-24.7.6.jar:/home/mateo/.m2/repository/com/vaadin/vaadin-grid-pro-flow/24.7.6/vaadin-grid-pro-flow-24.7.6.jar:/home/mateo/.m2/repository/com/vaadin/vaadin-map-flow/24.7.6/vaadin-map-flow-24.7.6.jar:/home/mateo/.m2/repository/com/vaadin/vaadin-rich-text-editor-flow/24.7.6/vaadin-rich-text-editor-flow-24.7.6.jar:/home/mateo/.m2/repository/com/vaadin/vaadin-core/24.7.6/vaadin-core-24.7.6.jar:/home/mateo/.m2/repository/com/vaadin/vaadin-dev/24.7.6/vaadin-dev-24.7.6.jar:/home/mateo/.m2/repository/com/vaadin/vaadin-dev-server/24.7.6/vaadin-dev-server-24.7.6.jar:/home/mateo/.m2/repository/com/vaadin/license-checker/1.13.4/license-checker-1.13.4.jar:/home/mateo/.m2/repository/com/github/oshi/oshi-core/6.6.5/oshi-core-6.6.5.jar:/home/mateo/.m2/repository/net/java/dev/jna/jna-platform/5.15.0/jna-platform-5.15.0.jar:/home/mateo/.m2/repository/com/nimbusds/nimbus-jose-jwt/9.37.3/nimbus-jose-jwt-9.37.3.jar:/home/mateo/.m2/repository/org/lucee/jcip-annotations/1.0.0/jcip-annotations-1.0.0.jar:/home/mateo/.m2/repository/com/vaadin/open/8.5.0.4/open-8.5.0.4.jar:/home/mateo/.m2/repository/com/github/javaparser/javaparser-core/3.26.4/javaparser-core-3.26.4.jar:/home/mateo/.m2/repository/io/methvin/directory-watcher/0.18.0/directory-watcher-0.18.0.jar:/home/mateo/.m2/repository/com/vaadin/vaadin-dev-bundle/24.7.6/vaadin-dev-bundle-24.7.6.jar:/home/mateo/.m2/repository/com/vaadin/hilla-dev/24.7.5/hilla-dev-24.7.5.jar:/home/mateo/.m2/repository/com/vaadin/copilot/24.7.6/copilot-24.7.6.jar:/home/mateo/.m2/repository/io/projectreactor/netty/reactor-netty/1.2.5/reactor-netty-1.2.5.jar:/home/mateo/.m2/repository/io/projectreactor/netty/reactor-netty-core/1.2.5/reactor-netty-core-1.2.5.jar:/home/mateo/.m2/repository/io/projectreactor/netty/reactor-netty-http/1.2.5/reactor-netty-http-1.2.5.jar:/home/mateo/.m2/repository/io/netty/netty-all/4.1.119.Final/netty-all-4.1.119.Final.jar:/home/mateo/.m2/repository/io/netty/netty-buffer/4.1.119.Final/netty-buffer-4.1.119.Final.jar:/home/mateo/.m2/repository/io/netty/netty-codec/4.1.119.Final/netty-codec-4.1.119.Final.jar:/home/mateo/.m2/repository/io/netty/netty-codec-dns/4.1.119.Final/netty-codec-dns-4.1.119.Final.jar:/home/mateo/.m2/repository/io/netty/netty-codec-haproxy/4.1.119.Final/netty-codec-haproxy-4.1.119.Final.jar:/home/mateo/.m2/repository/io/netty/netty-codec-http/4.1.119.Final/netty-codec-http-4.1.119.Final.jar:/home/mateo/.m2/repository/io/netty/netty-codec-http2/4.1.119.Final/netty-codec-http2-4.1.119.Final.jar:/home/mateo/.m2/repository/io/netty/netty-codec-memcache/4.1.119.Final/netty-codec-memcache-4.1.119.Final.jar:/home/mateo/.m2/repository/io/netty/netty-codec-mqtt/4.1.119.Final/netty-codec-mqtt-4.1.119.Final.jar:/home/mateo/.m2/repository/io/netty/netty-codec-redis/4.1.119.Final/netty-codec-redis-4.1.119.Final.jar:/home/mateo/.m2/repository/io/netty/netty-codec-smtp/4.1.119.Final/netty-codec-smtp-4.1.119.Final.jar:/home/mateo/.m2/repository/io/netty/netty-codec-socks/4.1.119.Final/netty-codec-socks-4.1.119.Final.jar:/home/mateo/.m2/repository/io/netty/netty-codec-stomp/4.1.119.Final/netty-codec-stomp-4.1.119.Final.jar:/home/mateo/.m2/repository/io/netty/netty-codec-xml/4.1.119.Final/netty-codec-xml-4.1.119.Final.jar:/home/mateo/.m2/repository/io/netty/netty-common/4.1.119.Final/netty-common-4.1.119.Final.jar:/home/mateo/.m2/repository/io/netty/netty-handler/4.1.119.Final/netty-handler-4.1.119.Final.jar:/home/mateo/.m2/repository/io/netty/netty-transport-native-unix-common/4.1.119.Final/netty-transport-native-unix-common-4.1.119.Final.jar:/home/mateo/.m2/repository/io/netty/netty-handler-proxy/4.1.119.Final/netty-handler-proxy-4.1.119.Final.jar:/home/mateo/.m2/repository/io/netty/netty-handler-ssl-ocsp/4.1.119.Final/netty-handler-ssl-ocsp-4.1.119.Final.jar:/home/mateo/.m2/repository/io/netty/netty-resolver/4.1.119.Final/netty-resolver-4.1.119.Final.jar:/home/mateo/.m2/repository/io/netty/netty-resolver-dns/4.1.119.Final/netty-resolver-dns-4.1.119.Final.jar:/home/mateo/.m2/repository/io/netty/netty-transport/4.1.119.Final/netty-transport-4.1.119.Final.jar:/home/mateo/.m2/repository/io/netty/netty-transport-rxtx/4.1.119.Final/netty-transport-rxtx-4.1.119.Final.jar:/home/mateo/.m2/repository/io/netty/netty-transport-sctp/4.1.119.Final/netty-transport-sctp-4.1.119.Final.jar:/home/mateo/.m2/repository/io/netty/netty-transport-udt/4.1.119.Final/netty-transport-udt-4.1.119.Final.jar:/home/mateo/.m2/repository/io/netty/netty-transport-classes-epoll/4.1.119.Final/netty-transport-classes-epoll-4.1.119.Final.jar:/home/mateo/.m2/repository/io/netty/netty-transport-classes-kqueue/4.1.119.Final/netty-transport-classes-kqueue-4.1.119.Final.jar:/home/mateo/.m2/repository/io/netty/netty-resolver-dns-classes-macos/4.1.119.Final/netty-resolver-dns-classes-macos-4.1.119.Final.jar:/home/mateo/.m2/repository/io/netty/netty-transport-native-epoll/4.1.119.Final/netty-transport-native-epoll-4.1.119.Final-linux-x86_64.jar:/home/mateo/.m2/repository/io/netty/netty-transport-native-epoll/4.1.119.Final/netty-transport-native-epoll-4.1.119.Final-linux-aarch_64.jar:/home/mateo/.m2/repository/io/netty/netty-transport-native-epoll/4.1.119.Final/netty-transport-native-epoll-4.1.119.Final-linux-riscv64.jar:/home/mateo/.m2/repository/io/netty/netty-transport-native-kqueue/4.1.119.Final/netty-transport-native-kqueue-4.1.119.Final-osx-x86_64.jar:/home/mateo/.m2/repository/io/netty/netty-transport-native-kqueue/4.1.119.Final/netty-transport-native-kqueue-4.1.119.Final-osx-aarch_64.jar:/home/mateo/.m2/repository/io/netty/netty-resolver-dns-native-macos/4.1.119.Final/netty-resolver-dns-native-macos-4.1.119.Final-osx-x86_64.jar:/home/mateo/.m2/repository/io/netty/netty-resolver-dns-native-macos/4.1.119.Final/netty-resolver-dns-native-macos-4.1.119.Final-osx-aarch_64.jar:/home/mateo/.m2/repository/org/apache/commons/commons-configuration2/2.12.0/commons-configuration2-2.12.0.jar:/home/mateo/.m2/repository/org/apache/commons/commons-text/1.13.1/commons-text-1.13.1.jar:/home/mateo/.m2/repository/com/vaadin/ui-tests/1.1.4/ui-tests-1.1.4.jar:/home/mateo/.m2/repository/com/vaadin/vaadin-spring-boot-starter/24.7.6/vaadin-spring-boot-starter-24.7.6.jar:/home/mateo/.m2/repository/com/vaadin/vaadin-spring/24.7.6/vaadin-spring-24.7.6.jar:/home/mateo/.m2/repository/com/vaadin/flow-server/24.7.6/flow-server-24.7.6.jar:/home/mateo/.m2/repository/com/vaadin/servletdetector/throw-if-servlet3/1.0.2/throw-if-servlet3-1.0.2.jar:/home/mateo/.m2/repository/org/jspecify/jspecify/1.0.0/jspecify-1.0.0.jar:/home/mateo/.m2/repository/com/vaadin/external/gwt/gwt-elemental/2.8.2.vaadin2/gwt-elemental-2.8.2.vaadin2.jar:/home/mateo/.m2/repository/org/apache/commons/commons-fileupload2-jakarta/2.0.0-M1/commons-fileupload2-jakarta-2.0.0-M1.jar:/home/mateo/.m2/repository/org/apache/commons/commons-fileupload2-core/2.0.0-M1/commons-fileupload2-core-2.0.0-M1.jar:/home/mateo/.m2/repository/commons-io/commons-io/2.18.0/commons-io-2.18.0.jar:/home/mateo/.m2/repository/com/fasterxml/jackson/core/jackson-core/2.18.3/jackson-core-2.18.3.jar:/home/mateo/.m2/repository/org/jsoup/jsoup/1.18.3/jsoup-1.18.3.jar:/home/mateo/.m2/repository/com/helger/ph-css/7.0.4/ph-css-7.0.4.jar:/home/mateo/.m2/repository/com/helger/commons/ph-commons/11.2.0/ph-commons-11.2.0.jar:/home/mateo/.m2/repository/org/ow2/asm/asm/9.7.1/asm-9.7.1.jar:/home/mateo/.m2/repository/com/vaadin/external/gentyref/1.2.0.vaadin1/gentyref-1.2.0.vaadin1.jar:/home/mateo/.m2/repository/com/vaadin/flow-push/24.7.6/flow-push-24.7.6.jar:/home/mateo/.m2/repository/com/vaadin/external/atmosphere/atmosphere-runtime/3.0.5.slf4jvaadin1/atmosphere-runtime-3.0.5.slf4jvaadin1.jar:/home/mateo/.m2/repository/com/vaadin/flow-client/24.7.6/flow-client-24.7.6.jar:/home/mateo/.m2/repository/org/springframework/spring-webmvc/6.2.6/spring-webmvc-6.2.6.jar:/home/mateo/.m2/repository/org/springframework/spring-expression/6.2.6/spring-expression-6.2.6.jar:/home/mateo/.m2/repository/org/springframework/spring-websocket/6.2.6/spring-websocket-6.2.6.jar:/home/mateo/.m2/repository/org/reflections/reflections/0.10.2/reflections-0.10.2.jar:/home/mateo/.m2/repository/com/google/code/findbugs/jsr305/3.0.2/jsr305-3.0.2.jar:/home/mateo/.m2/repository/org/javassist/javassist/3.30.2-GA/javassist-3.30.2-GA.jar:/home/mateo/.m2/repository/com/vaadin/hilla/24.7.5/hilla-24.7.5.jar:/home/mateo/.m2/repository/com/vaadin/hilla-endpoint/24.7.5/hilla-endpoint-24.7.5.jar:/home/mateo/.m2/repository/com/vaadin/hilla-engine-core/24.7.5/hilla-engine-core-24.7.5.jar:/home/mateo/.m2/repository/com/vaadin/hilla-parser-jvm-core/24.7.5/hilla-parser-jvm-core-24.7.5.jar:/home/mateo/.m2/repository/io/github/classgraph/classgraph/4.8.179/classgraph-4.8.179.jar:/home/mateo/.m2/repository/com/fasterxml/jackson/dataformat/jackson-dataformat-yaml/2.18.3/jackson-dataformat-yaml-2.18.3.jar:/home/mateo/.m2/repository/com/vaadin/hilla-parser-jvm-plugin-backbone/24.7.5/hilla-parser-jvm-plugin-backbone-24.7.5.jar:/home/mateo/.m2/repository/com/vaadin/hilla-parser-jvm-plugin-nonnull/24.7.5/hilla-parser-jvm-plugin-nonnull-24.7.5.jar:/home/mateo/.m2/repository/com/vaadin/hilla-parser-jvm-plugin-subtypes/24.7.5/hilla-parser-jvm-plugin-subtypes-24.7.5.jar:/home/mateo/.m2/repository/com/vaadin/hilla-parser-jvm-plugin-model/24.7.5/hilla-parser-jvm-plugin-model-24.7.5.jar:/home/mateo/.m2/repository/com/vaadin/hilla-parser-jvm-plugin-transfertypes/24.7.5/hilla-parser-jvm-plugin-transfertypes-24.7.5.jar:/home/mateo/.m2/repository/io/projectreactor/reactor-core/3.7.5/reactor-core-3.7.5.jar:/home/mateo/.m2/repository/org/reactivestreams/reactive-streams/1.0.4/reactive-streams-1.0.4.jar:/home/mateo/.m2/repository/com/fasterxml/jackson/module/jackson-module-parameter-names/2.18.3/jackson-module-parameter-names-2.18.3.jar:/home/mateo/.m2/repository/com/fasterxml/jackson/datatype/jackson-datatype-jdk8/2.18.3/jackson-datatype-jdk8-2.18.3.jar:/home/mateo/.m2/repository/org/springframework/security/spring-security-core/6.4.5/spring-security-core-6.4.5.jar:/home/mateo/.m2/repository/org/springframework/security/spring-security-crypto/6.4.5/spring-security-crypto-6.4.5.jar:/home/mateo/.m2/repository/com/github/javaparser/javaparser-symbol-solver-core/3.26.4/javaparser-symbol-solver-core-3.26.4.jar:/home/mateo/.m2/repository/com/google/guava/guava/33.4.0-jre/guava-33.4.0-jre.jar:/home/mateo/.m2/repository/com/google/guava/failureaccess/1.0.2/failureaccess-1.0.2.jar:/home/mateo/.m2/repository/com/google/guava/listenablefuture/9999.0-empty-to-avoid-conflict-with-guava/listenablefuture-9999.0-empty-to-avoid-conflict-with-guava.jar:/home/mateo/.m2/repository/org/checkerframework/checker-qual/3.43.0/checker-qual-3.43.0.jar:/home/mateo/.m2/repository/com/google/errorprone/error_prone_annotations/2.36.0/error_prone_annotations-2.36.0.jar:/home/mateo/.m2/repository/com/google/j2objc/j2objc-annotations/3.0.0/j2objc-annotations-3.0.0.jar:/home/mateo/.m2/repository/com/vaadin/hilla-parser-jvm-utils/24.7.5/hilla-parser-jvm-utils-24.7.5.jar:/home/mateo/.m2/repository/io/swagger/core/v3/swagger-core/2.2.28/swagger-core-2.2.28.jar:/home/mateo/.m2/repository/io/swagger/core/v3/swagger-annotations/2.2.28/swagger-annotations-2.2.28.jar:/home/mateo/.m2/repository/io/swagger/core/v3/swagger-models/2.2.28/swagger-models-2.2.28.jar:/home/mateo/.m2/repository/com/vaadin/hilla-runtime-plugin-transfertypes/24.7.5/hilla-runtime-plugin-transfertypes-24.7.5.jar:/home/mateo/.m2/repository/com/vaadin/hilla-engine-runtime/24.7.5/hilla-engine-runtime-24.7.5.jar:/home/mateo/.m2/repository/org/springframework/boot/spring-boot-starter-web/3.4.5/spring-boot-starter-web-3.4.5.jar:/home/mateo/.m2/repository/org/springframework/boot/spring-boot-starter-json/3.4.5/spring-boot-starter-json-3.4.5.jar:/home/mateo/.m2/repository/org/springframework/boot/spring-boot-starter-tomcat/3.4.5/spring-boot-starter-tomcat-3.4.5.jar:/home/mateo/.m2/repository/org/apache/tomcat/embed/tomcat-embed-core/10.1.40/tomcat-embed-core-10.1.40.jar:/home/mateo/.m2/repository/org/apache/tomcat/embed/tomcat-embed-websocket/10.1.40/tomcat-embed-websocket-10.1.40.jar:/home/mateo/.m2/repository/org/springframework/spring-web/6.2.6/spring-web-6.2.6.jar:/home/mateo/.m2/repository/org/springframework/boot/spring-boot-starter-data-jpa/3.4.5/spring-boot-starter-data-jpa-3.4.5.jar:/home/mateo/.m2/repository/org/springframework/boot/spring-boot-starter/3.4.5/spring-boot-starter-3.4.5.jar:/home/mateo/.m2/repository/org/springframework/boot/spring-boot-starter-logging/3.4.5/spring-boot-starter-logging-3.4.5.jar:/home/mateo/.m2/repository/ch/qos/logback/logback-classic/1.5.18/logback-classic-1.5.18.jar:/home/mateo/.m2/repository/ch/qos/logback/logback-core/1.5.18/logback-core-1.5.18.jar:/home/mateo/.m2/repository/org/apache/logging/log4j/log4j-to-slf4j/2.24.3/log4j-to-slf4j-2.24.3.jar:/home/mateo/.m2/repository/org/apache/logging/log4j/log4j-api/2.24.3/log4j-api-2.24.3.jar:/home/mateo/.m2/repository/org/slf4j/jul-to-slf4j/2.0.17/jul-to-slf4j-2.0.17.jar:/home/mateo/.m2/repository/jakarta/annotation/jakarta.annotation-api/2.1.1/jakarta.annotation-api-2.1.1.jar:/home/mateo/.m2/repository/org/yaml/snakeyaml/2.3/snakeyaml-2.3.jar:/home/mateo/.m2/repository/org/springframework/boot/spring-boot-starter-jdbc/3.4.5/spring-boot-starter-jdbc-3.4.5.jar:/home/mateo/.m2/repository/com/zaxxer/HikariCP/5.1.0/HikariCP-5.1.0.jar:/home/mateo/.m2/repository/org/springframework/spring-jdbc/6.2.6/spring-jdbc-6.2.6.jar:/home/mateo/.m2/repository/org/hibernate/orm/hibernate-core/6.6.13.Final/hibernate-core-6.6.13.Final.jar:/home/mateo/.m2/repository/jakarta/persistence/jakarta.persistence-api/3.1.0/jakarta.persistence-api-3.1.0.jar:/home/mateo/.m2/repository/jakarta/transaction/jakarta.transaction-api/2.0.1/jakarta.transaction-api-2.0.1.jar:/home/mateo/.m2/repository/org/jboss/logging/jboss-logging/3.6.1.Final/jboss-logging-3.6.1.Final.jar:/home/mateo/.m2/repository/org/hibernate/common/hibernate-commons-annotations/7.0.3.Final/hibernate-commons-annotations-7.0.3.Final.jar:/home/mateo/.m2/repository/io/smallrye/jandex/3.2.0/jandex-3.2.0.jar:/home/mateo/.m2/repository/com/fasterxml/classmate/1.7.0/classmate-1.7.0.jar:/home/mateo/.m2/repository/net/bytebuddy/byte-buddy/1.15.11/byte-buddy-1.15.11.jar:/home/mateo/.m2/repository/org/glassfish/jaxb/jaxb-runtime/4.0.5/jaxb-runtime-4.0.5.jar:/home/mateo/.m2/repository/org/glassfish/jaxb/jaxb-core/4.0.5/jaxb-core-4.0.5.jar:/home/mateo/.m2/repository/org/eclipse/angus/angus-activation/2.0.2/angus-activation-2.0.2.jar:/home/mateo/.m2/repository/org/glassfish/jaxb/txw2/4.0.5/txw2-4.0.5.jar:/home/mateo/.m2/repository/com/sun/istack/istack-commons-runtime/4.1.2/istack-commons-runtime-4.1.2.jar:/home/mateo/.m2/repository/jakarta/inject/jakarta.inject-api/2.0.1/jakarta.inject-api-2.0.1.jar:/home/mateo/.m2/repository/org/antlr/antlr4-runtime/4.13.0/antlr4-runtime-4.13.0.jar:/home/mateo/.m2/repository/org/springframework/data/spring-data-jpa/3.4.5/spring-data-jpa-3.4.5.jar:/home/mateo/.m2/repository/org/springframework/data/spring-data-commons/3.4.5/spring-data-commons-3.4.5.jar:/home/mateo/.m2/repository/org/springframework/spring-orm/6.2.6/spring-orm-6.2.6.jar:/home/mateo/.m2/repository/org/springframework/spring-context/6.2.6/spring-context-6.2.6.jar:/home/mateo/.m2/repository/org/springframework/spring-aop/6.2.6/spring-aop-6.2.6.jar:/home/mateo/.m2/repository/org/springframework/spring-tx/6.2.6/spring-tx-6.2.6.jar:/home/mateo/.m2/repository/org/springframework/spring-beans/6.2.6/spring-beans-6.2.6.jar:/home/mateo/.m2/repository/org/slf4j/slf4j-api/2.0.17/slf4j-api-2.0.17.jar:/home/mateo/.m2/repository/org/springframework/spring-aspects/6.2.6/spring-aspects-6.2.6.jar:/home/mateo/.m2/repository/org/aspectj/aspectjweaver/1.9.24/aspectjweaver-1.9.24.jar:/home/mateo/.m2/repository/com/h2database/h2/2.3.232/h2-2.3.232.jar:/home/mateo/.m2/repository/org/springframework/boot/spring-boot-starter-actuator/3.4.5/spring-boot-starter-actuator-3.4.5.jar:/home/mateo/.m2/repository/org/springframework/boot/spring-boot-actuator-autoconfigure/3.4.5/spring-boot-actuator-autoconfigure-3.4.5.jar:/home/mateo/.m2/repository/org/springframework/boot/spring-boot-actuator/3.4.5/spring-boot-actuator-3.4.5.jar:/home/mateo/.m2/repository/com/fasterxml/jackson/core/jackson-databind/2.18.3/jackson-databind-2.18.3.jar:/home/mateo/.m2/repository/com/fasterxml/jackson/core/jackson-annotations/2.18.3/jackson-annotations-2.18.3.jar:/home/mateo/.m2/repository/com/fasterxml/jackson/datatype/jackson-datatype-jsr310/2.18.3/jackson-datatype-jsr310-2.18.3.jar:/home/mateo/.m2/repository/io/micrometer/micrometer-observation/1.14.6/micrometer-observation-1.14.6.jar:/home/mateo/.m2/repository/io/micrometer/micrometer-commons/1.14.6/micrometer-commons-1.14.6.jar:/home/mateo/.m2/repository/io/micrometer/micrometer-jakarta9/1.14.6/micrometer-jakarta9-1.14.6.jar:/home/mateo/.m2/repository/io/micrometer/micrometer-core/1.14.6/micrometer-core-1.14.6.jar:/home/mateo/.m2/repository/org/hdrhistogram/HdrHistogram/2.2.2/HdrHistogram-2.2.2.jar:/home/mateo/.m2/repository/org/latencyutils/LatencyUtils/2.0.3/LatencyUtils-2.0.3.jar:/home/mateo/.m2/repository/org/springframework/boot/spring-boot-starter-validation/3.4.5/spring-boot-starter-validation-3.4.5.jar:/home/mateo/.m2/repository/org/apache/tomcat/embed/tomcat-embed-el/10.1.40/tomcat-embed-el-10.1.40.jar:/home/mateo/.m2/repository/org/hibernate/validator/hibernate-validator/8.0.2.Final/hibernate-validator-8.0.2.Final.jar:/home/mateo/.m2/repository/jakarta/validation/jakarta.validation-api/3.0.2/jakarta.validation-api-3.0.2.jar:/home/mateo/.m2/repository/org/springframework/boot/spring-boot-devtools/3.4.5/spring-boot-devtools-3.4.5.jar:/home/mateo/.m2/repository/org/springframework/boot/spring-boot/3.4.5/spring-boot-3.4.5.jar:/home/mateo/.m2/repository/org/springframework/boot/spring-boot-autoconfigure/3.4.5/spring-boot-autoconfigure-3.4.5.jar:/home/mateo/.m2/repository/org/springframework/boot/spring-boot-starter-test/3.4.5/spring-boot-starter-test-3.4.5.jar:/home/mateo/.m2/repository/org/springframework/boot/spring-boot-test/3.4.5/spring-boot-test-3.4.5.jar:/home/mateo/.m2/repository/org/springframework/boot/spring-boot-test-autoconfigure/3.4.5/spring-boot-test-autoconfigure-3.4.5.jar:/home/mateo/.m2/repository/com/jayway/jsonpath/json-path/2.9.0/json-path-2.9.0.jar:/home/mateo/.m2/repository/jakarta/xml/bind/jakarta.xml.bind-api/4.0.2/jakarta.xml.bind-api-4.0.2.jar:/home/mateo/.m2/repository/jakarta/activation/jakarta.activation-api/2.1.3/jakarta.activation-api-2.1.3.jar:/home/mateo/.m2/repository/net/minidev/json-smart/2.5.2/json-smart-2.5.2.jar:/home/mateo/.m2/repository/net/minidev/accessors-smart/2.5.2/accessors-smart-2.5.2.jar:/home/mateo/.m2/repository/org/assertj/assertj-core/3.26.3/assertj-core-3.26.3.jar:/home/mateo/.m2/repository/org/awaitility/awaitility/4.2.2/awaitility-4.2.2.jar:/home/mateo/.m2/repository/org/hamcrest/hamcrest/2.2/hamcrest-2.2.jar:/home/mateo/.m2/repository/org/junit/jupiter/junit-jupiter/5.11.4/junit-jupiter-5.11.4.jar:/home/mateo/.m2/repository/org/junit/jupiter/junit-jupiter-api/5.11.4/junit-jupiter-api-5.11.4.jar:/home/mateo/.m2/repository/org/opentest4j/opentest4j/1.3.0/opentest4j-1.3.0.jar:/home/mateo/.m2/repository/org/junit/platform/junit-platform-commons/1.11.4/junit-platform-commons-1.11.4.jar:/home/mateo/.m2/repository/org/apiguardian/apiguardian-api/1.1.2/apiguardian-api-1.1.2.jar:/home/mateo/.m2/repository/org/junit/jupiter/junit-jupiter-params/5.11.4/junit-jupiter-params-5.11.4.jar:/home/mateo/.m2/repository/org/junit/jupiter/junit-jupiter-engine/5.11.4/junit-jupiter-engine-5.11.4.jar:/home/mateo/.m2/repository/org/junit/platform/junit-platform-engine/1.11.4/junit-platform-engine-1.11.4.jar:/home/mateo/.m2/repository/org/mockito/mockito-core/5.14.2/mockito-core-5.14.2.jar:/home/mateo/.m2/repository/net/bytebuddy/byte-buddy-agent/1.15.11/byte-buddy-agent-1.15.11.jar:/home/mateo/.m2/repository/org/objenesis/objenesis/3.3/objenesis-3.3.jar:/home/mateo/.m2/repository/org/mockito/mockito-junit-jupiter/5.14.2/mockito-junit-jupiter-5.14.2.jar:/home/mateo/.m2/repository/org/skyscreamer/jsonassert/1.5.3/jsonassert-1.5.3.jar:/home/mateo/.m2/repository/com/vaadin/external/google/android-json/0.0.20131108.vaadin1/android-json-0.0.20131108.vaadin1.jar:/home/mateo/.m2/repository/org/springframework/spring-core/6.2.6/spring-core-6.2.6.jar:/home/mateo/.m2/repository/org/springframework/spring-jcl/6.2.6/spring-jcl-6.2.6.jar:/home/mateo/.m2/repository/org/springframework/spring-test/6.2.6/spring-test-6.2.6.jar:/home/mateo/.m2/repository/org/xmlunit/xmlunit-core/2.10.0/xmlunit-core-2.10.0.jar:/home/mateo/.m2/repository/org/testcontainers/junit-jupiter/1.20.6/junit-jupiter-1.20.6.jar:/home/mateo/.m2/repository/org/testcontainers/testcontainers/1.20.6/testcontainers-1.20.6.jar:/home/mateo/.m2/repository/junit/junit/4.13.2/junit-4.13.2.jar:/home/mateo/.m2/repository/org/hamcrest/hamcrest-core/2.2/hamcrest-core-2.2.jar:/home/mateo/.m2/repository/org/apache/commons/commons-compress/1.24.0/commons-compress-1.24.0.jar:/home/mateo/.m2/repository/org/rnorth/duct-tape/duct-tape/1.0.8/duct-tape-1.0.8.jar:/home/mateo/.m2/repository/org/jetbrains/annotations/17.0.0/annotations-17.0.0.jar:/home/mateo/.m2/repository/com/github/docker-java/docker-java-api/3.4.1/docker-java-api-3.4.1.jar:/home/mateo/.m2/repository/com/github/docker-java/docker-java-transport-zerodep/3.4.1/docker-java-transport-zerodep-3.4.1.jar:/home/mateo/.m2/repository/com/github/docker-java/docker-java-transport/3.4.1/docker-java-transport-3.4.1.jar:/home/mateo/.m2/repository/net/java/dev/jna/jna/5.15.0/jna-5.15.0.jar:/home/mateo/.m2/repository/org/springframework/boot/spring-boot-testcontainers/3.4.5/spring-boot-testcontainers-3.4.5.jar:/home/mateo/.m2/repository/com/tngtech/archunit/archunit-junit5/1.4.1/archunit-junit5-1.4.1.jar:/home/mateo/.m2/repository/com/tngtech/archunit/archunit-junit5-api/1.4.1/archunit-junit5-api-1.4.1.jar:/home/mateo/.m2/repository/com/tngtech/archunit/archunit/1.4.1/archunit-1.4.1.jar:/home/mateo/.m2/repository/com/tngtech/archunit/archunit-junit5-engine/1.4.1/archunit-junit5-engine-1.4.1.jar:/home/mateo/.m2/repository/com/tngtech/archunit/archunit-junit5-engine-api/1.4.1/archunit-junit5-engine-api-1.4.1.jar:"/>
    <property name="sun.cpu.endian" value="little"/>
    <property name="user.home" value="/home/mateo"/>
    <property name="user.language" value="es"/>
    <property name="java.specification.vendor" value="Oracle Corporation"/>
    <property name="java.version.date" value="2025-04-15"/>
    <property name="java.home" value="/usr/lib/jvm/java-21-openjdk-amd64"/>
    <property name="file.separator" value="/"/>
    <property name="basedir" value="/home/mateo/Descargas/Taller_Autos"/>
    <property name="java.vm.compressedOopsMode" value="Zero based"/>
    <property name="line.separator" value="&#10;"/>
    <property name="java.specification.name" value="Java Platform API Specification"/>
    <property name="java.vm.specification.vendor" value="Oracle Corporation"/>
    <property name="surefire.real.class.path" value="/home/mateo/Descargas/Taller_Autos/target/surefire/surefirebooter-20250612111531455_3.jar"/>
    <property name="sun.management.compiler" value="HotSpot 64-Bit Tiered Compilers"/>
    <property name="java.runtime.version" value="21.0.7+6-Ubuntu-0ubuntu124.04"/>
    <property name="user.name" value="mateo"/>
    <property name="stdout.encoding" value="UTF-8"/>
    <property name="path.separator" value=":"/>
    <property name="os.version" value="6.11.0-26-generic"/>
    <property name="java.runtime.name" value="OpenJDK Runtime Environment"/>
    <property name="file.encoding" value="UTF-8"/>
    <property name="java.vm.name" value="OpenJDK 64-Bit Server VM"/>
    <property name="localRepository" value="/home/mateo/.m2/repository"/>
    <property name="java.vendor.url.bug" value="https://bugs.launchpad.net/ubuntu/+source/openjdk-21"/>
    <property name="java.io.tmpdir" value="/tmp"/>
    <property name="java.version" value="21.0.7"/>
    <property name="user.dir" value="/home/mateo/Descargas/Taller_Autos"/>
    <property name="os.arch" value="amd64"/>
    <property name="java.vm.specification.name" value="Java Virtual Machine Specification"/>
    <property name="native.encoding" value="UTF-8"/>
    <property name="java.library.path" value="/usr/java/packages/lib:/usr/lib/x86_64-linux-gnu/jni:/lib/x86_64-linux-gnu:/usr/lib/x86_64-linux-gnu:/usr/lib/jni:/lib:/usr/lib"/>
    <property name="java.vm.info" value="mixed mode, sharing"/>
    <property name="stderr.encoding" value="UTF-8"/>
    <property name="java.vendor" value="Ubuntu"/>
    <property name="java.vm.version" value="21.0.7+6-Ubuntu-0ubuntu124.04"/>
    <property name="sun.io.unicode.encoding" value="UnicodeLittle"/>
    <property name="java.class.version" value="65.0"/>
  </properties>
  <testcase name="repositories_should_only_be_used_by_application_services_and_other_domain_classes" classname="trabajofinal.app.ArchitectureTest" time="0.985">
    <system-out><![CDATA[11:15:34.554 [main] INFO com.tngtech.archunit.core.PluginLoader -- Detected Java version 21.0.7
]]></system-out>
  </testcase>
  <testcase name="domain_model_should_not_depend_on_the_user_interface" classname="trabajofinal.app.ArchitectureTest" time="0.009"/>
  <testcase name="repositories_should_only_be_accessed_by_transactional_classes" classname="trabajofinal.app.ArchitectureTest" time="0.023"/>
  <testcase name="application_services_should_not_depend_on_the_user_interface" classname="trabajofinal.app.ArchitectureTest" time="0.014"/>
  <testcase name="domain_model_should_not_depend_on_application_services" classname="trabajofinal.app.ArchitectureTest" time="0.009"/>
  <testcase name="there_should_not_be_circular_dependencies_between_feature_packages" classname="trabajofinal.app.ArchitectureTest" time="0.245"/>
</testsuite>